<?xml version="1.0" encoding="UTF-8"?>
<testng-results ignored="0" total="2" passed="2" failed="0" skipped="0">
  <reporter-output>
  </reporter-output>
  <suite started-at="2023-07-07T10:00:59 IST" name="Default suite" finished-at="2023-07-07T10:01:09 IST" duration-ms="9931">
    <groups>
    </groups>
    <test started-at="2023-07-07T10:00:59 IST" name="Default test" finished-at="2023-07-07T10:01:09 IST" duration-ms="9931">
      <class name="testcases.Locators">
        <test-method is-config="true" signature="precondition()[pri:0, instance:testcases.Locators@19e4653c]" started-at="2023-07-07T10:00:59 IST" name="precondition" finished-at="2023-07-07T10:01:06 IST" duration-ms="7413" status="PASS">
          <reporter-output>
          </reporter-output>
        </test-method> <!-- precondition -->
        <test-method signature="fillForm()[pri:0, instance:testcases.Locators@19e4653c]" started-at="2023-07-07T10:01:07 IST" name="fillForm" finished-at="2023-07-07T10:01:08 IST" duration-ms="1816" status="PASS">
          <reporter-output>
          </reporter-output>
        </test-method> <!-- fillForm -->
        <test-method signature="xpathFunctions()[pri:0, instance:testcases.Locators@19e4653c]" started-at="2023-07-07T10:01:08 IST" name="xpathFunctions" finished-at="2023-07-07T10:01:09 IST" duration-ms="139" status="PASS">
          <reporter-output>
          </reporter-output>
        </test-method> <!-- xpathFunctions -->
        <test-method is-config="true" signature="endTest()[pri:0, instance:testcases.Locators@19e4653c]" started-at="2023-07-07T10:01:09 IST" name="endTest" finished-at="2023-07-07T10:01:09 IST" duration-ms="457" status="PASS">
          <reporter-output>
          </reporter-output>
        </test-method> <!-- endTest -->
      </class> <!-- testcases.Locators -->
    </test> <!-- Default test -->
  </suite> <!-- Default suite -->
</testng-results>
