<?xml version="1.0" encoding="UTF-8"?>
<testng-results ignored="0" total="1" passed="1" failed="0" skipped="0">
  <reporter-output>
  </reporter-output>
  <suite started-at="2023-07-14T08:59:08 IST" name="Default suite" finished-at="2023-07-14T08:59:50 IST" duration-ms="42511">
    <groups>
    </groups>
    <test started-at="2023-07-14T08:59:08 IST" name="Default test" finished-at="2023-07-14T08:59:50 IST" duration-ms="42511">
      <class name="intermediate.Synchronization">
        <test-method is-config="true" signature="precondition()[pri:0, instance:intermediate.Synchronization@4be29ed9]" started-at="2023-07-14T08:59:08 IST" name="precondition" finished-at="2023-07-14T08:59:17 IST" duration-ms="9220" status="PASS">
          <reporter-output>
          </reporter-output>
        </test-method> <!-- precondition -->
        <test-method signature="dropdown()[pri:0, instance:intermediate.Synchronization@4be29ed9]" started-at="2023-07-14T08:59:17 IST" name="dropdown" finished-at="2023-07-14T08:59:49 IST" duration-ms="32373" status="PASS">
          <reporter-output>
          </reporter-output>
        </test-method> <!-- dropdown -->
        <test-method is-config="true" signature="endTest()[pri:0, instance:intermediate.Synchronization@4be29ed9]" started-at="2023-07-14T08:59:49 IST" name="endTest" finished-at="2023-07-14T08:59:50 IST" duration-ms="707" status="PASS">
          <reporter-output>
          </reporter-output>
        </test-method> <!-- endTest -->
      </class> <!-- intermediate.Synchronization -->
    </test> <!-- Default test -->
  </suite> <!-- Default suite -->
</testng-results>
